Reading input ... done.
Setting up the scoring function ... done.
Using random seed: -1769771300
Performing search ... done.
run time is: 9471.05
Refining results ... done.

mode |     ad4     |    xscore    |  SMoG2016  |    vdw     |     e    | dist from best mode
     |  (kcal/mol) | (kcal/mol)   | (kcal/mol) | (kcal/mol) |  (float) | rmsd l.b.| rmsd u.b.
-----+-------------+--------------+------------+------------+----------+---------------------
   1   -3.350       -8.594       -7.280       -6.930      -26.154      3.050      6.036
   2   -3.181       -8.803       -7.265       -6.760      -26.009      3.114      6.140
   3   -2.143       -8.823       -7.109       -5.722      -23.797      3.001      6.093
   4   -1.086       -8.889       -7.311       -4.666      -21.952      3.029      6.152
   5    0.694       -8.493       -7.453       -2.885      -18.136      3.066      6.261
   6    1.321       -8.983       -7.467       -2.258      -17.387      3.033      6.098
   7    1.616       -8.685       -7.910       -1.964      -16.944      3.126      6.360
   8    4.722       -8.771       -7.599        1.142      -10.506      3.008      6.102
   9    5.850       -8.910       -7.702        2.270       -8.492      3.038      6.156
  10    9.525       -8.855       -7.790        5.945       -1.175      3.161      6.303
  11   14.997       -8.439       -8.238       11.417        9.736      3.236      6.162
  12   15.564       -8.790       -7.968       11.985       10.791      2.955      6.175
  13   15.867       -8.715       -8.141       12.287       11.299      3.182      6.361
  14   16.200       -7.928       -8.498       12.620       12.394      3.428      6.550
  15   22.108       -8.569       -8.358       18.528       23.709      3.192      6.409
  16   30.170       -8.483       -8.609       26.590       39.669      3.092      6.313
  17   31.821       -8.147       -8.823       28.241       43.092      3.391      6.533
  18   36.779       -8.465       -8.685       33.200       52.830      2.947      6.299
  19   46.632       -8.385       -9.035       43.053       72.265      3.205      6.203
  20   47.996       -8.334       -9.498       44.417       74.580      3.528      6.004
Writing output ... done.

