Reading input ... done.
Setting up the scoring function ... done.
Using random seed: 1064850601
Performing search ... done.
run time is: 6188.78
Refining results ... done.

mode |     ad4     |    xscore    |  SMoG2016  |    vdw     |     e    | dist from best mode
     |  (kcal/mol) | (kcal/mol)   | (kcal/mol) | (kcal/mol) |  (float) | rmsd l.b.| rmsd u.b.
-----+-------------+--------------+------------+------------+----------+---------------------
   1   -9.120       -9.789       -8.536      -10.015      -37.460      0.484      0.484
   2   -8.617       -9.795       -8.594       -9.512      -36.518      0.967      1.051
   3  124.862       -7.104      -10.359      123.967      231.367      4.764      5.479
   497423.664       -9.527       -8.909    97422.773    194828.002      1.207      1.614
   5120353.992       -9.787       -8.736    120353.094    240688.563      1.102      1.338
   6434007.719       -9.649       -8.988    434006.812    867995.894      1.320      1.908
   7514291.656       -9.438       -9.170    514290.750    1028563.798      1.360      1.849
   8971328.375       -7.018      -12.143    971327.438    1942636.651      4.430      5.900
   91057230.250       -7.551       -9.744    1057229.375    2114442.330      4.888      8.783
  101346096.625       -9.329       -9.386    1346095.750    2692173.660      1.591      2.469
  112236928.000       -6.684      -12.890    2236927.000    4473835.426      7.412      9.920
  122253778.000       -9.202       -9.627    2253777.000    4507536.171      1.527      2.610
  132617518.500       -8.801      -10.293    2617517.750    5235017.156      2.223      3.410
  142733004.750       -8.858      -10.408    2733004.000    5465989.483      1.892      3.042
  153297939.500       -9.105      -10.114    3297938.500    6595858.781      1.787      3.044
  163611526.750       -9.248       -9.850    3611526.000    7223033.652      2.147      3.513
  174228529.000       -7.380      -12.500    4228528.000    8457037.120      4.413      5.939
  184594925.000       -9.075      -10.608    4594924.500    9189829.817      2.066      3.478
  195142208.500       -8.353      -11.866    5142207.500    10284395.781      3.250      5.361
  205665566.500       -9.021      -10.778    5665565.500    11331112.201      2.049      3.630
Writing output ... done.

