Reading input ... done.
Setting up the scoring function ... done.
Using random seed: -756026196
Performing search ... done.
run time is: 8441.24
Refining results ... done.

mode |     ad4     |    xscore    |  SMoG2016  |    vdw     |     e    | dist from best mode
     |  (kcal/mol) | (kcal/mol)   | (kcal/mol) | (kcal/mol) |  (float) | rmsd l.b.| rmsd u.b.
-----+-------------+--------------+------------+------------+----------+---------------------
   1   -9.701       -9.699       -8.598      -12.386      -40.383      0.823      0.856
   2   -9.746       -9.614       -8.531      -12.431      -40.322      0.728      0.767
   3   -9.026       -9.687       -8.657      -11.710      -39.080      0.765      0.833
   4   -6.908       -9.505       -8.969       -9.593      -34.975      1.068      1.112
   5   -6.633       -9.567       -9.084       -9.317      -34.601      0.957      1.049
   6   -5.058       -9.375       -9.239       -7.742      -31.414      1.029      1.120
   7    2.757       -9.397       -9.439        0.072      -16.007      1.247      1.401
   8    4.779       -9.063       -9.967        2.094      -12.157      1.387      1.517
   9    7.137       -9.081      -10.150        4.453       -7.640      1.372      1.562
  10   12.363       -9.131       -9.822        9.679        3.089      1.346      1.464
  11   22.945       -8.623      -10.671       20.261       23.912      1.649      2.249
  12   23.827       -9.328       -9.601       21.142       26.040      1.131      1.504
  13   25.030       -9.197       -9.684       22.346       28.495      1.259      1.428
  14   28.011       -8.722      -10.833       25.326       33.782      1.604      2.144
  15   29.279       -8.883      -10.312       26.594       36.678      1.456      1.782
  16   34.150       -8.820      -10.360       31.466       46.436      1.507      1.761
  17   44.035       -8.447      -10.979       41.350       65.959      1.700      2.168
  18   62.859       -8.787      -10.533       60.174      103.713      1.814      2.259
  19   63.036       -8.550      -11.122       60.351      103.715      1.746      2.019
  20   74.182       -8.349      -11.179       71.497      126.151      1.922      2.215
Writing output ... done.

